p:\bureau\tp4-5\m3d_isicg-main\x64\release\vc143.pdb
c:\users\ayoub\desktop\m3d_isicg-main\x64\release\vc143.pdb
c:\users\ayoub\desktop\m3d_isicg-main\x64\release\gl3w.obj
c:\users\ayoub\desktop\m3d_isicg-main\x64\release\image.obj
c:\users\ayoub\desktop\m3d_isicg-main\x64\release\lab_work_3.obj
c:\users\ayoub\desktop\m3d_isicg-main\x64\release\lab_work_2.obj
c:\users\ayoub\desktop\m3d_isicg-main\x64\release\lab_work_1.obj
c:\users\ayoub\desktop\m3d_isicg-main\x64\release\triangle_mesh_model.obj
c:\users\ayoub\desktop\m3d_isicg-main\x64\release\triangle_mesh.obj
c:\users\ayoub\desktop\m3d_isicg-main\x64\release\camera.obj
c:\users\ayoub\desktop\m3d_isicg-main\x64\release\imgui_widgets.obj
c:\users\ayoub\desktop\m3d_isicg-main\x64\release\imgui_tables.obj
c:\users\ayoub\desktop\m3d_isicg-main\x64\release\imgui_draw.obj
c:\users\ayoub\desktop\m3d_isicg-main\x64\release\imgui.obj
c:\users\ayoub\desktop\m3d_isicg-main\x64\release\imgui_impl_sdl.obj
c:\users\ayoub\desktop\m3d_isicg-main\x64\release\imgui_impl_opengl3.obj
c:\users\ayoub\desktop\m3d_isicg-main\x64\release\main.obj
c:\users\ayoub\desktop\m3d_isicg-main\x64\release\lab_work_4.obj
c:\users\ayoub\desktop\m3d_isicg-main\x64\release\lab_work_manager.obj
c:\users\ayoub\desktop\m3d_isicg-main\x64\release\application.obj
c:\users\ayoub\desktop\m3d\m3d_isicg-main\x64\release\m3d_isicg.ipdb
c:\users\ayoub\desktop\m3d\m3d_isicg-main\x64\release\m3d_isicg.iobj
p:\bureau\tp4-5\m3d_isicg-main\x64\release\m3d_isicg.ipdb
p:\bureau\tp4-5\m3d_isicg-main\x64\release\m3d_isicg.iobj
c:\users\ayoub\desktop\m3d_isicg-main\x64\release\m3d_isicg.ipdb
c:\users\ayoub\desktop\m3d_isicg-main\x64\release\m3d_isicg.iobj
c:\users\ayoub\desktop\m3d_isicg-main\x64\release\m3d_isicg.pdb
c:\users\ayoub\desktop\m3d_isicg-main\x64\release\m3d_isicg.exe
c:\users\ayoub\desktop\m3d_isicg-main\x64\release\m3d_isicg.tlog\cl.command.1.tlog
c:\users\ayoub\desktop\m3d_isicg-main\x64\release\m3d_isicg.tlog\cl.read.1.tlog
c:\users\ayoub\desktop\m3d_isicg-main\x64\release\m3d_isicg.tlog\cl.write.1.tlog
c:\users\ayoub\desktop\m3d_isicg-main\x64\release\m3d_isicg.tlog\link.command.1.tlog
c:\users\ayoub\desktop\m3d_isicg-main\x64\release\m3d_isicg.tlog\link.read.1.tlog
c:\users\ayoub\desktop\m3d_isicg-main\x64\release\m3d_isicg.tlog\link.write.1.tlog
c:\users\ayoub\desktop\m3d_isicg-main\x64\release\m3d_isicg.tlog\m3d_isicg.write.1u.tlog
