d:\coursm1\rmae\m3d_isicg-main\x64\debug\vc143.pdb
d:\coursm1\rmae\m3d_isicg-main\x64\debug\vc143.idb
d:\coursm1\rmae\m3d_isicg-main\x64\debug\gl3w.obj
d:\coursm1\rmae\m3d_isicg-main\x64\debug\image.obj
d:\coursm1\rmae\m3d_isicg-main\x64\debug\main.obj
d:\coursm1\rmae\m3d_isicg-main\x64\debug\lab_work_5.obj
d:\coursm1\rmae\m3d_isicg-main\x64\debug\lab_work_4.obj
d:\coursm1\rmae\m3d_isicg-main\x64\debug\lab_work_3.obj
d:\coursm1\rmae\m3d_isicg-main\x64\debug\lab_work_2.obj
d:\coursm1\rmae\m3d_isicg-main\x64\debug\lab_work_manager.obj
d:\coursm1\rmae\m3d_isicg-main\x64\debug\lab_work_1.obj
d:\coursm1\rmae\m3d_isicg-main\x64\debug\triangle_mesh_model.obj
d:\coursm1\rmae\m3d_isicg-main\x64\debug\triangle_mesh.obj
d:\coursm1\rmae\m3d_isicg-main\x64\debug\camera.obj
d:\coursm1\rmae\m3d_isicg-main\x64\debug\application.obj
d:\coursm1\rmae\m3d_isicg-main\x64\debug\imgui_widgets.obj
d:\coursm1\rmae\m3d_isicg-main\x64\debug\imgui_tables.obj
d:\coursm1\rmae\m3d_isicg-main\x64\debug\imgui_draw.obj
d:\coursm1\rmae\m3d_isicg-main\x64\debug\imgui.obj
d:\coursm1\rmae\m3d_isicg-main\x64\debug\imgui_impl_sdl.obj
d:\coursm1\rmae\m3d_isicg-main\x64\debug\imgui_impl_opengl3.obj
d:\coursm1\rmae\m3d_isicg-main\x64\debug\m3d_isicg.ilk
d:\coursm1\rmae\m3d_isicg-main\x64\debug\m3d_isicg.pdb
d:\coursm1\rmae\m3d_isicg-main\x64\debug\m3d_isicg.exe
d:\coursm1\rmae\m3d_isicg-main\x64\debug\m3d_isicg.tlog\cl.command.1.tlog
d:\coursm1\rmae\m3d_isicg-main\x64\debug\m3d_isicg.tlog\cl.read.1.tlog
d:\coursm1\rmae\m3d_isicg-main\x64\debug\m3d_isicg.tlog\cl.write.1.tlog
d:\coursm1\rmae\m3d_isicg-main\x64\debug\m3d_isicg.tlog\link.command.1.tlog
d:\coursm1\rmae\m3d_isicg-main\x64\debug\m3d_isicg.tlog\link.read.1.tlog
d:\coursm1\rmae\m3d_isicg-main\x64\debug\m3d_isicg.tlog\link.write.1.tlog
